<?xml version="1.0" encoding="UTF-8"?>
<!-- Generated by org.testng.reporters.JUnitXMLReporter -->
<testsuite ignored="0" hostname="Asiwajus-MacBook-Air.local" failures="0" tests="11" name="E2E Test" time="2.042" errors="0" timestamp="2022-11-23T12:46:09 WAT">
  <testcase classname="IosTest" name="@BeforeTest setup" time="2.003">
    <failure type="org.openqa.selenium.SessionNotCreatedException" message="Could not start a new session. Response code 500. Message: An unknown server-side error occurred while processing the command. Original error: Could not create simulator with name &amp;apos;appiumTest-32360543-76B0-4736-AF43-26243BAF400C-iphone 13&amp;apos;, device type id &amp;apos;iphone 13&amp;apos;, with runtime ids &amp;apos;com.apple.CoreSimulator.SimRuntime.iOS-15-5&amp;apos; 
Host info: host: &amp;apos;Asiwajus-MacBook-Air.local&amp;apos;, ip: &amp;apos;fe80:0:0:0:4d2:843b:8960:a091%en0&amp;apos;
Build info: version: &amp;apos;4.6.0&amp;apos;, revision: &amp;apos;79f1c02ae20&amp;apos;
System info: os.name: &amp;apos;Mac OS X&amp;apos;, os.arch: &amp;apos;aarch64&amp;apos;, os.version: &amp;apos;12.1&amp;apos;, java.version: &amp;apos;11.0.17&amp;apos;
Driver info: io.appium.java_client.AppiumDriver
Command: [null, newSession {capabilities=[{appium:app=/Users/oluwabamise/Downloads/AppiumAssignment/app/, appium:automationName=XCUITest, appium:deviceName=iphone 13, platformName=IOS, appium:platformVersion=15.5, appium:simulatorStartupTimeout=180000, appium:udid=, appium:xcodeOrgId=Isaiah&amp;apos;s Iphone, appium:xcodeSigningId=iphone Developer}], desiredCapabilities=Capabilities {app: /Users/oluwabamise/Download..., automationName: XCUITest, deviceName: iphone 13, platformName: IOS, platformVersion: 15.5, simulatorStartupTimeout: 180000, udid: , xcodeOrgId: Isaiah&amp;apos;s Iphone, xcodeSigningId: iphone Developer}}]
Capabilities {}">
      <![CDATA[org.openqa.selenium.SessionNotCreatedException: Could not start a new session. Response code 500. Message: An unknown server-side error occurred while processing the command. Original error: Could not create simulator with name 'appiumTest-32360543-76B0-4736-AF43-26243BAF400C-iphone 13', device type id 'iphone 13', with runtime ids 'com.apple.CoreSimulator.SimRuntime.iOS-15-5' 
Host info: host: 'Asiwajus-MacBook-Air.local', ip: 'fe80:0:0:0:4d2:843b:8960:a091%en0'
Build info: version: '4.6.0', revision: '79f1c02ae20'
System info: os.name: 'Mac OS X', os.arch: 'aarch64', os.version: '12.1', java.version: '11.0.17'
Driver info: io.appium.java_client.AppiumDriver
Command: [null, newSession {capabilities=[{appium:app=/Users/oluwabamise/Downloads/AppiumAssignment/app/, appium:automationName=XCUITest, appium:deviceName=iphone 13, platformName=IOS, appium:platformVersion=15.5, appium:simulatorStartupTimeout=180000, appium:udid=, appium:xcodeOrgId=Isaiah's Iphone, appium:xcodeSigningId=iphone Developer}], desiredCapabilities=Capabilities {app: /Users/oluwabamise/Download..., automationName: XCUITest, deviceName: iphone 13, platformName: IOS, platformVersion: 15.5, simulatorStartupTimeout: 180000, udid: , xcodeOrgId: Isaiah's Iphone, xcodeSigningId: iphone Developer}}]
Capabilities {}
at org.openqa.selenium.remote.ProtocolHandshake.createSession(ProtocolHandshake.java:146)
at io.appium.java_client.remote.AppiumProtocolHandshake.createSession(AppiumProtocolHandshake.java:126)
at io.appium.java_client.remote.AppiumProtocolHandshake.createSession(AppiumProtocolHandshake.java:102)
at io.appium.java_client.remote.AppiumCommandExecutor.createSession(AppiumCommandExecutor.java:155)
at io.appium.java_client.remote.AppiumCommandExecutor.execute(AppiumCommandExecutor.java:189)
at org.openqa.selenium.remote.RemoteWebDriver.execute(RemoteWebDriver.java:541)
at io.appium.java_client.AppiumDriver.startSession(AppiumDriver.java:229)
at org.openqa.selenium.remote.RemoteWebDriver.<init>(RemoteWebDriver.java:157)
at io.appium.java_client.AppiumDriver.<init>(AppiumDriver.java:80)
at io.appium.java_client.AppiumDriver.<init>(AppiumDriver.java:92)
at TestBase.iosSetup(TestBase.java:39)
at IosTest.setup(IosTest.java:33)
at java.base/java.util.concurrent.FutureTask.run(FutureTask.java:264)
at java.base/java.util.concurrent.ThreadPoolExecutor.runWorker(ThreadPoolExecutor.java:1128)
at java.base/java.util.concurrent.ThreadPoolExecutor$Worker.run(ThreadPoolExecutor.java:628)
at java.base/java.lang.Thread.run(Thread.java:829)
... Removed 18 stack frames]]>
    </failure>
  </testcase> <!-- @BeforeTest setup -->
  <testcase classname="IosTest" name="headerVerify" time="0.0">
    <skipped/>
  </testcase> <!-- headerVerify -->
  <testcase classname="IosTest" name="addTask" time="0.0">
    <skipped/>
  </testcase> <!-- addTask -->
  <testcase classname="IosTest" name="createTitle" time="0.0">
    <skipped/>
  </testcase> <!-- createTitle -->
  <testcase classname="IosTest" name="textBoxVerify" time="0.0">
    <skipped/>
  </testcase> <!-- textBoxVerify -->
  <testcase classname="IosTest" name="textBoxClick" time="0.0">
    <skipped/>
  </testcase> <!-- textBoxClick -->
  <testcase classname="IosTest" name="noteIconVerify" time="0.0">
    <skipped/>
  </testcase> <!-- noteIconVerify -->
  <testcase classname="IosTest" name="backBtnClick" time="0.0">
    <skipped/>
  </testcase> <!-- backBtnClick -->
  <testcase classname="IosTest" name="hamBurgerVerify" time="0.0">
    <skipped/>
  </testcase> <!-- hamBurgerVerify -->
  <testcase classname="IosTest" name="hamBurgerClick" time="0.0">
    <skipped/>
  </testcase> <!-- hamBurgerClick -->
  <testcase classname="IosTest" name="menuIconVerify" time="0.0">
    <skipped/>
  </testcase> <!-- menuIconVerify -->
  <testcase classname="IosTest" name="closeDriver" time="0.0">
    <skipped/>
  </testcase> <!-- closeDriver -->
</testsuite> <!-- E2E Test -->
